This file contains any messages produced by compilers while
running configure, to aid debugging if configure makes a mistake.

It was created by configure, which was
generated by GNU Autoconf 2.61.  Invocation command line was

  $ ./configure 

## --------- ##
## Platform. ##
## --------- ##

hostname = playground
uname -m = i686
uname -r = 2.6.24-22-generic
uname -s = Linux
uname -v = #1 SMP Mon Nov 24 18:32:42 UTC 2008

/usr/bin/uname -p = unknown
/bin/uname -X     = unknown

/bin/arch              = unknown
/usr/bin/arch -k       = unknown
/usr/convex/getsysinfo = unknown
/usr/bin/hostinfo      = unknown
/bin/machine           = unknown
/usr/bin/oslevel       = unknown
/bin/universe          = unknown

PATH: /usr/share/snow/v1.1.2/bin
PATH: ~/usrbin
PATH: /usr/bin/mh
PATH: ~/usrbin/jdk1.6.0_11/bin
PATH: /usr/local/sbin
PATH: /usr/local/bin
PATH: /usr/sbin
PATH: /usr/bin
PATH: /sbin
PATH: /bin
PATH: /usr/games


## ----------- ##
## Core tests. ##
## ----------- ##

configure:1803: checking for a BSD-compatible install
configure:1859: result: /usr/bin/install -c
configure:1870: checking whether build environment is sane
configure:1913: result: yes
configure:1941: checking for a thread-safe mkdir -p
configure:1980: result: /bin/mkdir -p
configure:1993: checking for gawk
configure:2009: found /usr/bin/gawk
configure:2020: result: gawk
configure:2031: checking whether make sets $(MAKE)
configure:2052: result: yes
configure:2247: checking for gawk
configure:2274: result: gawk
configure:2333: checking for gcc
configure:2349: found /usr/bin/gcc
configure:2360: result: gcc
configure:2598: checking for C compiler version
configure:2605: gcc --version >&5
gcc (GCC) 4.2.4 (Ubuntu 4.2.4-1ubuntu3)
Copyright (C) 2007 Free Software Foundation, Inc.
This is free software; see the source for copying conditions.  There is NO
warranty; not even for MERCHANTABILITY or FITNESS FOR A PARTICULAR PURPOSE.

configure:2608: $? = 0
configure:2615: gcc -v >&5
Using built-in specs.
Target: i486-linux-gnu
Configured with: ../src/configure -v --enable-languages=c,c++,fortran,objc,obj-c++,treelang --prefix=/usr --enable-shared --with-system-zlib --libexecdir=/usr/lib --without-included-gettext --enable-threads=posix --enable-nls --with-gxx-include-dir=/usr/include/c++/4.2 --program-suffix=-4.2 --enable-clocale=gnu --enable-libstdcxx-debug --enable-objc-gc --enable-mpfr --enable-targets=all --enable-checking=release --build=i486-linux-gnu --host=i486-linux-gnu --target=i486-linux-gnu
Thread model: posix
gcc version 4.2.4 (Ubuntu 4.2.4-1ubuntu3)
configure:2618: $? = 0
configure:2625: gcc -V >&5
gcc: '-V' option must have argument
configure:2628: $? = 1
configure:2651: checking for C compiler default output file name
configure:2678: gcc    conftest.c  >&5
configure:2681: $? = 0
configure:2719: result: a.out
configure:2736: checking whether the C compiler works
configure:2746: ./a.out
configure:2749: $? = 0
configure:2766: result: yes
configure:2773: checking whether we are cross compiling
configure:2775: result: no
configure:2778: checking for suffix of executables
configure:2785: gcc -o conftest    conftest.c  >&5
configure:2788: $? = 0
configure:2812: result: 
configure:2818: checking for suffix of object files
configure:2844: gcc -c   conftest.c >&5
configure:2847: $? = 0
configure:2870: result: o
configure:2874: checking whether we are using the GNU C compiler
configure:2903: gcc -c   conftest.c >&5
configure:2909: $? = 0
configure:2926: result: yes
configure:2931: checking whether gcc accepts -g
configure:2961: gcc -c -g  conftest.c >&5
configure:2967: $? = 0
configure:3066: result: yes
configure:3083: checking for gcc option to accept ISO C89
configure:3157: gcc  -c -g -O2  conftest.c >&5
configure:3163: $? = 0
configure:3186: result: none needed
configure:3215: checking for style of include used by make
configure:3243: result: GNU
configure:3268: checking dependency style of gcc
configure:3359: result: gcc3
configure:3432: checking for g++
configure:3448: found /usr/bin/g++
configure:3459: result: g++
configure:3490: checking for C++ compiler version
configure:3497: g++ --version >&5
g++ (GCC) 4.2.4 (Ubuntu 4.2.4-1ubuntu3)
Copyright (C) 2007 Free Software Foundation, Inc.
This is free software; see the source for copying conditions.  There is NO
warranty; not even for MERCHANTABILITY or FITNESS FOR A PARTICULAR PURPOSE.

configure:3500: $? = 0
configure:3507: g++ -v >&5
Using built-in specs.
Target: i486-linux-gnu
Configured with: ../src/configure -v --enable-languages=c,c++,fortran,objc,obj-c++,treelang --prefix=/usr --enable-shared --with-system-zlib --libexecdir=/usr/lib --without-included-gettext --enable-threads=posix --enable-nls --with-gxx-include-dir=/usr/include/c++/4.2 --program-suffix=-4.2 --enable-clocale=gnu --enable-libstdcxx-debug --enable-objc-gc --enable-mpfr --enable-targets=all --enable-checking=release --build=i486-linux-gnu --host=i486-linux-gnu --target=i486-linux-gnu
Thread model: posix
gcc version 4.2.4 (Ubuntu 4.2.4-1ubuntu3)
configure:3510: $? = 0
configure:3517: g++ -V >&5
g++: '-V' option must have argument
configure:3520: $? = 1
configure:3523: checking whether we are using the GNU C++ compiler
configure:3552: g++ -c   conftest.cpp >&5
configure:3558: $? = 0
configure:3575: result: yes
configure:3580: checking whether g++ accepts -g
configure:3610: g++ -c -g  conftest.cpp >&5
configure:3616: $? = 0
configure:3715: result: yes
configure:3740: checking dependency style of g++
configure:3831: result: gcc3
configure:3859: checking for a BSD-compatible install
configure:3915: result: /usr/bin/install -c
configure:3926: checking whether ln -s works
configure:3930: result: yes
configure:3939: checking for 
configure:3969: result: no
configure:3993: checking for python
configure:4011: found /usr/bin/python
configure:4023: result: /usr/bin/python
configure:4046: checking for python version
configure:4053: result: 2.5
configure:4065: checking for python platform
configure:4072: result: linux2
configure:4079: checking for python script directory
configure:4087: result: ${prefix}/lib/python2.5/site-packages
configure:4096: checking for python extension module directory
configure:4104: result: ${exec_prefix}/lib/python2.5/site-packages
configure:4129: checking for python2.5
configure:4159: result: /usr/bin/python
configure:4177: checking for a version of Python >= '2.1.0'
configure:4212: result: yes
configure:4249: checking for the distutils Python package
configure:4253: result: yes
configure:4271: checking for Python include path
configure:4281: result: -I/usr/include/python2.5
configure:4288: checking for Python library path
configure:4310: result: -L/usr/lib/python2.5 -lpython2.5
configure:4317: checking for Python site-packages path
configure:4323: result: /usr/lib/python2.5/site-packages
configure:4330: checking python extra libraries
configure:4337: result:  -lpthread -ldl  -lutil
configure:4344: checking python extra linking flags
configure:4351: result: -Xlinker -export-dynamic -Wl,-O1 -Wl,-Bsymbolic-functions
configure:4358: checking consistency of all components of python development environment
configure:4394: gcc -o conftest -g -O2  -I/usr/include/python2.5  conftest.c  -L/usr/lib/python2.5 -lpython2.5 >&5
configure:4400: $? = 0
configure:4417: result: yes
configure:4510: checking for pkg-config
configure:4528: found /usr/bin/pkg-config
configure:4540: result: /usr/bin/pkg-config
configure:4569: checking pkg-config is at least version 0.9.0
configure:4572: result: yes
configure:4583: checking for GTKMM
configure:4591: $PKG_CONFIG --exists --print-errors "glibmm-2.4 gtkmm-2.4 sigc++-2.0"
configure:4594: $? = 0
configure:4609: $PKG_CONFIG --exists --print-errors "glibmm-2.4 gtkmm-2.4 sigc++-2.0"
configure:4612: $? = 0
configure:4688: result: yes
configure:4700: checking how to run the C preprocessor
configure:4740: gcc -E  conftest.c
configure:4746: $? = 0
configure:4777: gcc -E  conftest.c
conftest.c:10:28: error: ac_nonexistent.h: No such file or directory
configure:4783: $? = 1
configure: failed program was:
| /* confdefs.h.  */
| #define PACKAGE_NAME ""
| #define PACKAGE_TARNAME ""
| #define PACKAGE_VERSION ""
| #define PACKAGE_STRING ""
| #define PACKAGE_BUGREPORT ""
| #define PACKAGE "gtkguitune"
| #define VERSION "0.8"
| /* end confdefs.h.  */
| #include <ac_nonexistent.h>
configure:4816: result: gcc -E
configure:4845: gcc -E  conftest.c
configure:4851: $? = 0
configure:4882: gcc -E  conftest.c
conftest.c:10:28: error: ac_nonexistent.h: No such file or directory
configure:4888: $? = 1
configure: failed program was:
| /* confdefs.h.  */
| #define PACKAGE_NAME ""
| #define PACKAGE_TARNAME ""
| #define PACKAGE_VERSION ""
| #define PACKAGE_STRING ""
| #define PACKAGE_BUGREPORT ""
| #define PACKAGE "gtkguitune"
| #define VERSION "0.8"
| /* end confdefs.h.  */
| #include <ac_nonexistent.h>
configure:4926: checking for grep that handles long lines and -e
configure:5000: result: /bin/grep
configure:5005: checking for egrep
configure:5083: result: /bin/grep -E
configure:5088: checking for ANSI C header files
configure:5118: gcc -c -g -O2  conftest.c >&5
configure:5124: $? = 0
configure:5223: gcc -o conftest -g -O2   conftest.c  >&5
configure:5226: $? = 0
configure:5232: ./conftest
configure:5235: $? = 0
configure:5252: result: yes
configure:5276: checking for sys/types.h
configure:5297: gcc -c -g -O2  conftest.c >&5
configure:5303: $? = 0
configure:5319: result: yes
configure:5276: checking for sys/stat.h
configure:5297: gcc -c -g -O2  conftest.c >&5
configure:5303: $? = 0
configure:5319: result: yes
configure:5276: checking for stdlib.h
configure:5297: gcc -c -g -O2  conftest.c >&5
configure:5303: $? = 0
configure:5319: result: yes
configure:5276: checking for string.h
configure:5297: gcc -c -g -O2  conftest.c >&5
configure:5303: $? = 0
configure:5319: result: yes
configure:5276: checking for memory.h
configure:5297: gcc -c -g -O2  conftest.c >&5
configure:5303: $? = 0
configure:5319: result: yes
configure:5276: checking for strings.h
configure:5297: gcc -c -g -O2  conftest.c >&5
configure:5303: $? = 0
configure:5319: result: yes
configure:5276: checking for inttypes.h
configure:5297: gcc -c -g -O2  conftest.c >&5
configure:5303: $? = 0
configure:5319: result: yes
configure:5276: checking for stdint.h
configure:5297: gcc -c -g -O2  conftest.c >&5
configure:5303: $? = 0
configure:5319: result: yes
configure:5276: checking for unistd.h
configure:5297: gcc -c -g -O2  conftest.c >&5
configure:5303: $? = 0
configure:5319: result: yes
configure:5348: checking fcntl.h usability
configure:5365: gcc -c -g -O2  conftest.c >&5
configure:5371: $? = 0
configure:5385: result: yes
configure:5389: checking fcntl.h presence
configure:5404: gcc -E  conftest.c
configure:5410: $? = 0
configure:5424: result: yes
configure:5452: checking for fcntl.h
configure:5460: result: yes
configure:5348: checking sys/ioctl.h usability
configure:5365: gcc -c -g -O2  conftest.c >&5
configure:5371: $? = 0
configure:5385: result: yes
configure:5389: checking sys/ioctl.h presence
configure:5404: gcc -E  conftest.c
configure:5410: $? = 0
configure:5424: result: yes
configure:5452: checking for sys/ioctl.h
configure:5460: result: yes
configure:5338: checking for unistd.h
configure:5344: result: yes
configure:5474: checking for an ANSI C-conforming const
configure:5549: gcc -c -g -O2  conftest.c >&5
configure:5555: $? = 0
configure:5570: result: yes
configure:5582: checking whether gcc needs -traditional
configure:5624: result: no
configure:5755: creating ./config.status

## ---------------------- ##
## Running config.status. ##
## ---------------------- ##

This file was extended by config.status, which was
generated by GNU Autoconf 2.61.  Invocation command line was

  CONFIG_FILES    = 
  CONFIG_HEADERS  = 
  CONFIG_LINKS    = 
  CONFIG_COMMANDS = 
  $ ./config.status 

on playground

config.status:663: creating Makefile
config.status:663: creating config.h
config.status:892: config.h is unchanged
config.status:939: executing depfiles commands

## ---------------- ##
## Cache variables. ##
## ---------------- ##

ac_cv_c_compiler_gnu=yes
ac_cv_c_const=yes
ac_cv_cxx_compiler_gnu=yes
ac_cv_env_CCC_set=
ac_cv_env_CCC_value=
ac_cv_env_CC_set=
ac_cv_env_CC_value=
ac_cv_env_CFLAGS_set=
ac_cv_env_CFLAGS_value=
ac_cv_env_CPPFLAGS_set=
ac_cv_env_CPPFLAGS_value=
ac_cv_env_CPP_set=
ac_cv_env_CPP_value=
ac_cv_env_CXXFLAGS_set=
ac_cv_env_CXXFLAGS_value=
ac_cv_env_CXX_set=
ac_cv_env_CXX_value=
ac_cv_env_GTKMM_CFLAGS_set=
ac_cv_env_GTKMM_CFLAGS_value=
ac_cv_env_GTKMM_LIBS_set=
ac_cv_env_GTKMM_LIBS_value=
ac_cv_env_LDFLAGS_set=
ac_cv_env_LDFLAGS_value=
ac_cv_env_LIBS_set=
ac_cv_env_LIBS_value=
ac_cv_env_PKG_CONFIG_set=
ac_cv_env_PKG_CONFIG_value=
ac_cv_env_PYTHON_VERSION_set=
ac_cv_env_PYTHON_VERSION_value=
ac_cv_env_build_alias_set=
ac_cv_env_build_alias_value=
ac_cv_env_host_alias_set=
ac_cv_env_host_alias_value=
ac_cv_env_target_alias_set=
ac_cv_env_target_alias_value=
ac_cv_header_fcntl_h=yes
ac_cv_header_inttypes_h=yes
ac_cv_header_memory_h=yes
ac_cv_header_stdc=yes
ac_cv_header_stdint_h=yes
ac_cv_header_stdlib_h=yes
ac_cv_header_string_h=yes
ac_cv_header_strings_h=yes
ac_cv_header_sys_ioctl_h=yes
ac_cv_header_sys_stat_h=yes
ac_cv_header_sys_types_h=yes
ac_cv_header_unistd_h=yes
ac_cv_objext=o
ac_cv_path_EGREP='/bin/grep -E'
ac_cv_path_GREP=/bin/grep
ac_cv_path_PYTHON=/usr/bin/python
ac_cv_path_ac_pt_PKG_CONFIG=/usr/bin/pkg-config
ac_cv_path_install='/usr/bin/install -c'
ac_cv_path_mkdir=/bin/mkdir
ac_cv_prog_AWK=gawk
ac_cv_prog_CPP='gcc -E'
ac_cv_prog_ac_ct_CC=gcc
ac_cv_prog_ac_ct_CXX=g++
ac_cv_prog_cc_c89=
ac_cv_prog_cc_g=yes
ac_cv_prog_cxx_g=yes
ac_cv_prog_gcc_traditional=no
ac_cv_prog_make_make_set=yes
am_cv_CC_dependencies_compiler_type=gcc3
am_cv_CXX_dependencies_compiler_type=gcc3
am_cv_python_platform=linux2
am_cv_python_pyexecdir='${exec_prefix}/lib/python2.5/site-packages'
am_cv_python_pythondir='${prefix}/lib/python2.5/site-packages'
am_cv_python_version=2.5
pkg_cv_GTKMM_CFLAGS='-I/usr/include/glibmm-2.4 -I/usr/lib/glibmm-2.4/include -I/usr/include/sigc++-2.0 -I/usr/lib/sigc++-2.0/include -I/usr/include/glib-2.0 -I/usr/lib/glib-2.0/include -I/usr/include/gtkmm-2.4 -I/usr/lib/gtkmm-2.4/include -I/usr/include/gdkmm-2.4 -I/usr/lib/gdkmm-2.4/include -I/usr/include/pangomm-1.4 -I/usr/include/atkmm-1.6 -I/usr/include/gtk-2.0 -I/usr/lib/gtk-2.0/include -I/usr/include/cairomm-1.0 -I/usr/include/pango-1.0 -I/usr/include/cairo -I/usr/include/freetype2 -I/usr/include/libpng12 -I/usr/include/pixman-1 -I/usr/include/atk-1.0  '
pkg_cv_GTKMM_LIBS='-lgtkmm-2.4 -lgdkmm-2.4 -latkmm-1.6 -lgtk-x11-2.0 -lpangomm-1.4 -lcairomm-1.0 -lglibmm-2.4 -lgdk-x11-2.0 -latk-1.0 -lgdk_pixbuf-2.0 -lm -lpangocairo-1.0 -lpango-1.0 -lcairo -lgobject-2.0 -lgmodule-2.0 -ldl -lglib-2.0 -lsigc-2.0  '

## ----------------- ##
## Output variables. ##
## ----------------- ##

ACLOCAL='${SHELL} /home/karim/prog/fretboard/missing --run aclocal-1.10'
AMDEPBACKSLASH='\'
AMDEP_FALSE='#'
AMDEP_TRUE=''
AMTAR='${SHELL} /home/karim/prog/fretboard/missing --run tar'
AUTOCONF='${SHELL} /home/karim/prog/fretboard/missing --run autoconf'
AUTOHEADER='${SHELL} /home/karim/prog/fretboard/missing --run autoheader'
AUTOMAKE='${SHELL} /home/karim/prog/fretboard/missing --run automake-1.10'
AWK='gawk'
CC='gcc'
CCDEPMODE='depmode=gcc3'
CFLAGS='-g -O2'
CPP='gcc -E'
CPPFLAGS=''
CXX='g++'
CXXDEPMODE='depmode=gcc3'
CXXFLAGS='-g -O2'
CYGPATH_W='echo'
DEFS='-DHAVE_CONFIG_H'
DEPDIR='.deps'
ECHO_C=''
ECHO_N='-n'
ECHO_T=''
EGREP='/bin/grep -E'
EXEEXT=''
GREP='/bin/grep'
GTKMM_CFLAGS='-I/usr/include/glibmm-2.4 -I/usr/lib/glibmm-2.4/include -I/usr/include/sigc++-2.0 -I/usr/lib/sigc++-2.0/include -I/usr/include/glib-2.0 -I/usr/lib/glib-2.0/include -I/usr/include/gtkmm-2.4 -I/usr/lib/gtkmm-2.4/include -I/usr/include/gdkmm-2.4 -I/usr/lib/gdkmm-2.4/include -I/usr/include/pangomm-1.4 -I/usr/include/atkmm-1.6 -I/usr/include/gtk-2.0 -I/usr/lib/gtk-2.0/include -I/usr/include/cairomm-1.0 -I/usr/include/pango-1.0 -I/usr/include/cairo -I/usr/include/freetype2 -I/usr/include/libpng12 -I/usr/include/pixman-1 -I/usr/include/atk-1.0  '
GTKMM_LIBS='-lgtkmm-2.4 -lgdkmm-2.4 -latkmm-1.6 -lgtk-x11-2.0 -lpangomm-1.4 -lcairomm-1.0 -lglibmm-2.4 -lgdk-x11-2.0 -latk-1.0 -lgdk_pixbuf-2.0 -lm -lpangocairo-1.0 -lpango-1.0 -lcairo -lgobject-2.0 -lgmodule-2.0 -ldl -lglib-2.0 -lsigc-2.0  '
INSTALL_DATA='${INSTALL} -m 644'
INSTALL_PROGRAM='${INSTALL}'
INSTALL_SCRIPT='${INSTALL}'
INSTALL_STRIP_PROGRAM='$(install_sh) -c -s'
LDFLAGS=''
LIBOBJS=''
LIBS=''
LN_S='ln -s'
LTLIBOBJS=''
MAKEINFO='${SHELL} /home/karim/prog/fretboard/missing --run makeinfo'
OBJEXT='o'
PACKAGE='gtkguitune'
PACKAGE_BUGREPORT=''
PACKAGE_NAME=''
PACKAGE_STRING=''
PACKAGE_TARNAME=''
PACKAGE_VERSION=''
PATH_SEPARATOR=':'
PKG_CONFIG='/usr/bin/pkg-config'
PYTHON='/usr/bin/python'
PYTHON_CPPFLAGS='-I/usr/include/python2.5'
PYTHON_EXEC_PREFIX='${exec_prefix}'
PYTHON_EXTRA_LDFLAGS='-Xlinker -export-dynamic -Wl,-O1 -Wl,-Bsymbolic-functions'
PYTHON_EXTRA_LIBS=' -lpthread -ldl  -lutil'
PYTHON_LDFLAGS='-L/usr/lib/python2.5 -lpython2.5'
PYTHON_PLATFORM='linux2'
PYTHON_PREFIX='${prefix}'
PYTHON_SITE_PKG='/usr/lib/python2.5/site-packages'
PYTHON_VERSION='2.5'
SET_MAKE=''
SHELL='/bin/bash'
STRIP=''
VERSION='0.8'
ac_ct_CC='gcc'
ac_ct_CXX='g++'
am__fastdepCC_FALSE='#'
am__fastdepCC_TRUE=''
am__fastdepCXX_FALSE='#'
am__fastdepCXX_TRUE=''
am__include='include'
am__isrc=''
am__leading_dot='.'
am__quote=''
am__tar='${AMTAR} chof - "$$tardir"'
am__untar='${AMTAR} xf -'
bindir='${exec_prefix}/bin'
build_alias=''
datadir='${datarootdir}'
datarootdir='${prefix}/share'
docdir='${datarootdir}/doc/${PACKAGE}'
dvidir='${docdir}'
exec_prefix='${prefix}'
host_alias=''
htmldir='${docdir}'
includedir='${prefix}/include'
infodir='${datarootdir}/info'
install_sh='$(SHELL) /home/karim/prog/fretboard/install-sh'
libdir='${exec_prefix}/lib'
libexecdir='${exec_prefix}/libexec'
localedir='${datarootdir}/locale'
localstatedir='${prefix}/var'
mandir='${datarootdir}/man'
mkdir_p='/bin/mkdir -p'
oldincludedir='/usr/include'
pdfdir='${docdir}'
pkgpyexecdir='${pyexecdir}/gtkguitune'
pkgpythondir='${pythondir}/gtkguitune'
prefix='/usr/local'
program_transform_name='s,x,x,'
psdir='${docdir}'
pyexecdir='${exec_prefix}/lib/python2.5/site-packages'
pythondir='${prefix}/lib/python2.5/site-packages'
sbindir='${exec_prefix}/sbin'
sharedstatedir='${prefix}/com'
sysconfdir='${prefix}/etc'
target_alias=''
xte=''

## ----------- ##
## confdefs.h. ##
## ----------- ##

#define PACKAGE_NAME ""
#define PACKAGE_TARNAME ""
#define PACKAGE_VERSION ""
#define PACKAGE_STRING ""
#define PACKAGE_BUGREPORT ""
#define PACKAGE "gtkguitune"
#define VERSION "0.8"
#define STDC_HEADERS 1
#define HAVE_SYS_TYPES_H 1
#define HAVE_SYS_STAT_H 1
#define HAVE_STDLIB_H 1
#define HAVE_STRING_H 1
#define HAVE_MEMORY_H 1
#define HAVE_STRINGS_H 1
#define HAVE_INTTYPES_H 1
#define HAVE_STDINT_H 1
#define HAVE_UNISTD_H 1
#define HAVE_FCNTL_H 1
#define HAVE_SYS_IOCTL_H 1
#define HAVE_UNISTD_H 1

configure: exit 0
